0 info it worked if it ends with ok
1 verbose cli [ '/usr/local/bin/node', '/usr/local/bin/npm', 'publish' ]
2 info using npm@3.10.8
3 info using node@v6.9.1
4 verbose publish [ '.' ]
5 silly cache add args [ '.', null ]
6 verbose cache add spec .
7 silly cache add parsed spec Result {
7 silly cache add   raw: '.',
7 silly cache add   scope: null,
7 silly cache add   escapedName: null,
7 silly cache add   name: null,
7 silly cache add   rawSpec: '.',
7 silly cache add   spec: '/src/sails-mongo',
7 silly cache add   type: 'directory' }
8 verbose addLocalDirectory /Users/jeremyswink/.npm/sails-mongo/0.12.3/package.tgz not in flight; packing
9 verbose correctMkdir /Users/jeremyswink/.npm correctMkdir not in flight; initializing
10 info lifecycle sails-mongo@0.12.3~prepublish: sails-mongo@0.12.3
11 silly lifecycle sails-mongo@0.12.3~prepublish: no script for prepublish, continuing
12 verbose tar pack [ '/Users/jeremyswink/.npm/sails-mongo/0.12.3/package.tgz',
12 verbose tar pack   '/src/sails-mongo' ]
13 verbose tarball /Users/jeremyswink/.npm/sails-mongo/0.12.3/package.tgz
14 verbose folder /src/sails-mongo
15 verbose addLocalTarball adding from inside cache /Users/jeremyswink/.npm/sails-mongo/0.12.3/package.tgz
16 verbose correctMkdir /Users/jeremyswink/.npm correctMkdir not in flight; initializing
17 silly cache afterAdd sails-mongo@0.12.3
18 verbose afterAdd /Users/jeremyswink/.npm/sails-mongo/0.12.3/package/package.json not in flight; writing
19 verbose correctMkdir /Users/jeremyswink/.npm correctMkdir not in flight; initializing
20 verbose afterAdd /Users/jeremyswink/.npm/sails-mongo/0.12.3/package/package.json written
21 silly publish { dependencies:
21 silly publish    { '@sailshq/lodash': '^3.10.2',
21 silly publish      async: '2.0.1',
21 silly publish      mongodb: '2.2.25',
21 silly publish      validator: '4.5.1',
21 silly publish      'waterline-cursor': '0.0.7',
21 silly publish      'waterline-errors': '0.10.1' },
21 silly publish   description: 'Mongo DB adapter for Sails.js',
21 silly publish   devDependencies:
21 silly publish    { 'captains-log': '^1.0.2',
21 silly publish      mocha: '3.0.2',
21 silly publish      'waterline-adapter-tests': '~0.12.1' },
21 silly publish   name: 'sails-mongo',
21 silly publish   optionalDependencies: {},
21 silly publish   repository:
21 silly publish    { type: 'git',
21 silly publish      url: 'git://github.com/papabear/sails-mongo.git' },
21 silly publish   scripts: { docker: 'docker-compose run adapter bash', test: 'make test' },
21 silly publish   version: '0.12.3',
21 silly publish   waterlineAdapter:
21 silly publish    { waterlineVersion: '~0.10.0',
21 silly publish      interfaces: [ 'semantic', 'queryable', 'associations' ],
21 silly publish      features: [ 'cross-adapter' ] },
21 silly publish   bugs: { url: 'https://github.com/papabear/sails-mongo/issues' },
21 silly publish   homepage: 'https://github.com/papabear/sails-mongo#readme',
21 silly publish   main: './lib',
21 silly publish   directories: { test: 'test' },
21 silly publish   keywords: [ 'mongodb', 'atlas', 'sails' ],
21 silly publish   author: { name: 'Jeremy Swink' },
21 silly publish   license: 'MIT',
21 silly publish   readme: '[![](https://camo.githubusercontent.com/9e49073459ed4e0e2687b80eaf515d87b0da4a6b/687474703a2f2f62616c64657264617368792e6769746875622e696f2f7361696c732f696d616765732f6c6f676f2e706e67)](http://sailsjs.com)\n\n# sails-mongo\n[![npm version](https://badge.fury.io/js/sails-mongo.svg)](http://badge.fury.io/js/sails-mongo)\n\nSails.js/Waterline adapter for MongoDB.\n\n\n> **Heads up**\n>\n> `sails-mongo` maps the logical `id` attribute to the required `_id` physical-layer mongo id.\n> In the current version of `sails-mongo`, you **should not** sort by `id`.\n\n\n## Installation\n\nInstall from NPM.\n\n```bash\n$ npm install sails-mongo --save\n```\n\n## Usage\n\n> Note: The following instructions are for apps using at least Sails v0.10.x, up through v0.12.x.\n> + For help with legacy versions of Sails, see [#Legacy Usage](#Legacy-usage) below.\n> + To use sails-mongo with the Sails v1 / Waterline 0.13 prerelease, see [the 1.0 branch of sails-docs](https://github.com/balderdashy/sails-docs/tree/1.0).\n\n\nAfter installing this adapter as a dependency of your Sails app, make this particular Mongo database your default datastore by adding the following settings to the files in your config folder:\n\n\n```javascript\n// config/connections.js\nmodule.exports.connections = {\n\n  localMongoDb: {\n    adapter: \'sails-mongo\',\n    host: \'localhost\', // defaults to `localhost` if omitted\n    port: 27017, // defaults to 27017 if omitted\n    user: \'username_here\', // or omit if not relevant\n    password: \'password_here\', // or omit if not relevant\n    database: \'database_name_here\' // or omit if not relevant\n  }\n\n};\n```\n\n```js\n// config/models.js\nmodule.exports.models = {\n  \'connection\': \'localMongoDb\'\n};\n```\n\n> For more information about configuring datastores in your Sails app, click [here](http://sailsjs.com/documentation/reference/config/sails-config-connections).\n\n#### What about production?\nIn production, use config/env/production.js and/or environment variables.\n\n> For more about getting your Sails app ready for production, see [**Concepts > Deployment**](http://sailsjs.com/documentation/concepts/deployment).\n\n\n## Bugs &nbsp; [![NPM version](https://badge.fury.io/js/sails-mongo.svg)](http://npmjs.com/package/sails-mongo)\n\nTo report a bug, [click here](http://sailsjs.com/bugs).\n\n\n## Help\n\nIf you have questions or need help, click [here](http://sailsjs.com/support).\n\n\n## FAQ\n\n#### What about MongoDB urls?\n\nYou can follow [MongoDB URI Connection Settings](https://docs.mongodb.com/manual/reference/connection-string/) specification on how to define a connection string URI.\n\nFollowing there is an example on how to configure the connection to your MongoDB server using a URL. e.g.:\n\n```js\nmodule.exports.connections = {\n\n  localMongoDb: {\n    adapter: \'sails-mongo\',\n    url: \'mongodb://heroku_12345678:random_password@ds029017.mLab.com:29017/heroku_12345678\'\n  }\n};\n```\nYou could also use an environment variable, to ease your deployments, for example, to [Heroku](https://devcenter.heroku.com/articles/mongolab#getting-your-connection-uri) , as follows:\n\n```js\nmodule.exports.connections = {\n\n  localMongoDb: {\n    adapter: \'sails-mongo\',\n    url: process.env.MONGODB_URI\n  }\n};\n```\n\nThis would be useful if, for instance, your Heroku env variables looked like:\n\n```bash\nMONGODB_URI=mongodb://heroku_12345678:random_password@ds029017.mLab.com:29017/heroku_12345678\n```\n\nIt must be noted though, that if you provide a `url` configuration, then, `database`, `user`, `password`, `host` and `port` configuration options are ignored.\n\n\n#### What about a MongoDB deployment that is part of a Replica Set?\n\nFor example:\n\n```bash\nMONGODB_URI=mongodb://mongodbserver01:27017,mongodbserver02:27017,mongodbserver03:27017/my-app-datatabase?replSet=my-replica-set-name&readPreference=nearest&slaveOk=true\n```\n\nThe previous configuration will set three MongoDB servers, named `mongodbserver01`, `mongodbserver02` and `mongodbserver03`, all using port `27017`, connecting to the `my-app-database` and using `my-replica-set-name` as the replica set. It also sets the `readPreference` to `nearest` and allows slave connections, with `slaveOk` set to `true`\n\n\n\n## Legacy usage\n\n####Using with Sails v0.9.x\n\nAdd the mongo config to the `config/adapters.js` file.\n\n```javascript\nmodule.exports.adapters = {\n  \'default\': \'mongo\',\n\n  mongo: {\n    module: \'sails-mongo\',\n    host: \'localhost\',\n    port: 27017,\n    user: \'username\',\n    password: \'password\',\n    database: \'your mongo db name here\',\n    wlNext: {\n      caseSensitive: false\n    }\n  }\n};\n```\n\n*Note: You can also use the old `v0.8.x` syntax as well, see next section for details.*\n\nReplication/Replica Set can be setup by adding the following options to the `mongo` object,\nwith your own replica details specified:\n\n```javascript\nreplSet: {\n  servers: [\n    {\n      host: \'secondary1.localhost\',\n      port: 27017 // Will override port from default config (optional)\n    },\n    {\n      host: \'secondary2.localhost\',\n      port: 27017\n    }\n  ],\n  options: {} // See http://mongodb.github.io/node-mongodb-native/api-generated/replset.html (optional)\n}\n```\n\n*Note: Replica set configuration is optional.*\n\n#### Using with Sails v0.8.x\n\n```javascript\nmodule.exports.adapters = {\n  \'default\': \'mongo\',\n\n  mongo: {\n    module: \'sails-mongo\',\n    url: \'mongodb://USER:PASSWORD@HOST:PORT/DB\'\n  }\n};\n```\n\n> Don\'t forget that Mongo uses the ObjectId type for ids.\n\n\n\n## Contributing &nbsp; [![Dependency Status](https://david-dm.org/balderdashy/sails-mongo.svg)](https://david-dm.org/balderdashy/sails-mongo) &nbsp; [![Build Status](https://travis-ci.org/balderdashy/sails-mongo.svg?branch=master)](https://travis-ci.org/balderdashy/sails-mongo) &nbsp; [![Build status on Windows](https://ci.appveyor.com/api/projects/status/u0i1o62tsw6ymbjd/branch/master?svg=true)](https://ci.appveyor.com/project/mikermcneil/sails-mongo/branch/master)\n\nPlease observe the guidelines and conventions laid out in the [Sails project contribution guide](http://sailsjs.com/documentation/contributing) when opening issues or submitting pull requests.\n\n[![NPM](https://nodei.co/npm/sails-mongo.png?downloads=true)](http://npmjs.com/package/sails-mongo)\n\n\n#### Special thanks\n\nThanks so much to Ted Kulp ([@tedkulp](https://twitter.com/tedkulp)) and Robin Persson ([@prssn](https://twitter.com/prssn)) for building the first version of this adapter back in 2013.  Since then, it has evolved into a core adapter within the framework.\n\n\n\n## License\n\nMIT\n\n&copy; 2013 Ted Kulp, Robin Persson, Cody Stoltman, Mike McNeil, Balderdash Design Co.\n&copy; 2014 Balderdash Design Co.\n&copy; 2015-2016 The Treeline Co.\n\nLike the [Sails framework](http://sailsjs.com), this adapter is free and open-source under the [MIT License](http://sailsjs.com/license).\n\n',
21 silly publish   readmeFilename: 'README.md',
21 silly publish   _id: 'sails-mongo@0.12.3',
21 silly publish   _shasum: 'd5a5e772c2939a826219381ad4ca5097490dde61',
21 silly publish   _from: '.' }
22 verbose getPublishConfig undefined
23 silly mapToRegistry name sails-mongo
24 silly mapToRegistry using default registry
25 silly mapToRegistry registry https://registry.npmjs.org/
26 silly mapToRegistry data Result {
26 silly mapToRegistry   raw: 'sails-mongo',
26 silly mapToRegistry   scope: null,
26 silly mapToRegistry   escapedName: 'sails-mongo',
26 silly mapToRegistry   name: 'sails-mongo',
26 silly mapToRegistry   rawSpec: '',
26 silly mapToRegistry   spec: 'latest',
26 silly mapToRegistry   type: 'tag' }
27 silly mapToRegistry uri https://registry.npmjs.org/sails-mongo
28 verbose publish registryBase https://registry.npmjs.org/
29 silly publish uploading /Users/jeremyswink/.npm/sails-mongo/0.12.3/package.tgz
30 verbose request uri https://registry.npmjs.org/sails-mongo
31 verbose request sending authorization for write operation
32 info attempt registry request try #1 at 12:07:44 PM
33 verbose request using bearer token for auth
34 verbose request id e1dd166af1cffa89
35 http request PUT https://registry.npmjs.org/sails-mongo
36 http 403 https://registry.npmjs.org/sails-mongo
37 verbose headers { 'content-type': 'application/json',
37 verbose headers   'cache-control': 'max-age=300',
37 verbose headers   'content-length': '105',
37 verbose headers   'accept-ranges': 'bytes',
37 verbose headers   date: 'Mon, 23 Oct 2017 16:07:45 GMT',
37 verbose headers   via: '1.1 varnish',
37 verbose headers   connection: 'keep-alive',
37 verbose headers   'x-served-by': 'cache-dca17750-DCA',
37 verbose headers   'x-cache': 'MISS',
37 verbose headers   'x-cache-hits': '0',
37 verbose headers   'x-timer': 'S1508774865.951341,VS0,VE337',
37 verbose headers   vary: 'Accept-Encoding, Accept' }
38 verbose request invalidating /Users/jeremyswink/.npm/registry.npmjs.org/sails-mongo on PUT
39 error publish Failed PUT 403
40 verbose stack Error: You do not have permission to publish "sails-mongo". Are you logged in as the correct user? : sails-mongo
40 verbose stack     at makeError (/usr/local/lib/node_modules/npm/node_modules/npm-registry-client/lib/request.js:302:12)
40 verbose stack     at CachingRegistryClient.<anonymous> (/usr/local/lib/node_modules/npm/node_modules/npm-registry-client/lib/request.js:290:14)
40 verbose stack     at Request._callback (/usr/local/lib/node_modules/npm/node_modules/npm-registry-client/lib/request.js:210:14)
40 verbose stack     at Request.self.callback (/usr/local/lib/node_modules/npm/node_modules/request/request.js:187:22)
40 verbose stack     at emitTwo (events.js:106:13)
40 verbose stack     at Request.emit (events.js:191:7)
40 verbose stack     at Request.<anonymous> (/usr/local/lib/node_modules/npm/node_modules/request/request.js:1044:10)
40 verbose stack     at emitOne (events.js:96:13)
40 verbose stack     at Request.emit (events.js:188:7)
40 verbose stack     at IncomingMessage.<anonymous> (/usr/local/lib/node_modules/npm/node_modules/request/request.js:965:12)
41 verbose statusCode 403
42 verbose pkgid sails-mongo
43 verbose cwd /src/sails-mongo
44 error Darwin 17.0.0
45 error argv "/usr/local/bin/node" "/usr/local/bin/npm" "publish"
46 error node v6.9.1
47 error npm  v3.10.8
48 error code E403
49 error You do not have permission to publish "sails-mongo". Are you logged in as the correct user? : sails-mongo
50 error If you need help, you may report this error at:
50 error     <https://github.com/npm/npm/issues>
51 verbose exit [ 1, true ]
